<?xml version="1.0" encoding="UTF-8"?>
<!-- Generated by org.testng.reporters.JUnitReportReporter -->
<testsuite hostname="DESKTOP-IKSO5RC" name="getrequest.GetData" tests="2" failures="0" timestamp="19 Apr 2021 11:54:33 GMT" time="2.452" errors="0">
  <testcase name="testbody" time="0.204" classname="getrequest.GetData"/>
  <testcase name="testResponseCode" time="2.248" classname="getrequest.GetData"/>
</testsuite>
